
$ ocpirun -d -v -x tb_bias_v2 2>&1 | tee xml_tb_bias_v2_run.log
Available containers are:  0: PCI:0000:03:00.0 [model: hdl os:  platform: mpcie], 1: rcc0 [model: rcc os: linux platform: centos7]
Actual deployment is:
  Instance  0 pattern_v2 (spec ocpi.assets.util_comps.pattern_v2) on hdl container 0: PCI:0000:03:00.0, using pattern_v2/a/pattern_v2 in /home/user/ocpi/bsp_sidekiq_mpcie_sdp_son_dev1_5/applications/tb_bias_v2/../../hdl/assemblies/tb_bias_v2/container-tb_bias_v2_mpcie_base/target-spartan6/tb_bias_v2_mpcie_base.bit.gz dated Sun Apr 14 14:37:26 2019
  Instance  1 bias (spec ocpi.core.bias) on hdl container 0: PCI:0000:03:00.0, using bias/a/bias in /home/user/ocpi/bsp_sidekiq_mpcie_sdp_son_dev1_5/applications/tb_bias_v2/../../hdl/assemblies/tb_bias_v2/container-tb_bias_v2_mpcie_base/target-spartan6/tb_bias_v2_mpcie_base.bit.gz dated Sun Apr 14 14:37:26 2019
  Instance  2 capture_v2 (spec ocpi.assets.util_comps.capture_v2) on hdl container 0: PCI:0000:03:00.0, using capture_v2/a/capture_v2 in /home/user/ocpi/bsp_sidekiq_mpcie_sdp_son_dev1_5/applications/tb_bias_v2/../../hdl/assemblies/tb_bias_v2/container-tb_bias_v2_mpcie_base/target-spartan6/tb_bias_v2_mpcie_base.bit.gz dated Sun Apr 14 14:37:26 2019
Application XML parsed and deployments (containers and artifacts) chosen
Checking existing loaded bitstream on OpenCPI HDL device "PCI:0000:03:00.0"...
[sudo] password for user: 
OpenCPI FPGA at PCI 0000:03:00.0: bitstream date Sun Apr 14 13:29:29 2019, platform "mpcie", part "xc6slx45t", UUID dc08fb14-5eda-11e9-9563-5b1f3fb28011
Existing loaded bitstream looks ok, proceeding to snapshot the PCI configuration (into /tmp/ocpibitstream9763.1).
The bitstream file "/home/user/ocpi/bsp_sidekiq_mpcie_sdp_son_dev1_5/applications/tb_bias_v2/../../hdl/assemblies/tb_bias_v2/container-tb_bias_v2_mpcie_base/target-spartan6/tb_bias_v2_mpcie_base.bit.gz" is compressed. Expanding to temp file "/tmp/ocpibitstream9763.bit".
Loading bitstream
SKIQ[9837]: <INFO> libsidekiq v4.4.0 (gdadc7321)
SKIQ[9837]: <INFO> Need to perform full initialization
SKIQ[9837]: <INFO> Performing initialization/detection of cards
SKIQ[9837]: <INFO> Initialization/card detection completed successfully!
SKIQ[9837]: <INFO> Preliminary initialization complete, continue full initialization
store_user_fpga[9837]: <INFO> Sidekiq card 0 is serial number=30146, hardware MPCIE C (rev 2), product SKIQ-MPCIE-001 (mPCIe) (part ES004202-C0-00)
store_user_fpga[9837]: <INFO> Sidekiq card 0 firmware v2.7
store_user_fpga[9837]: <INFO> Sidekiq card 0 FPGA v0.0, (date 0, FIFO size unknown)
store_user_fpga[9837]: <INFO> Sidekiq card 0 is configured for an external 40000000 Hz reference clock
store_user_fpga[9837]: <DEBUG> erase flash sector 0x200000
store_user_fpga[9837]: <DEBUG> erase flash sector 0x210000
store_user_fpga[9837]: <DEBUG> erase flash sector 0x220000
store_user_fpga[9837]: <DEBUG> erase flash sector 0x230000
store_user_fpga[9837]: <DEBUG> erase flash sector 0x240000
store_user_fpga[9837]: <DEBUG> erase flash sector 0x250000
store_user_fpga[9837]: <DEBUG> erase flash sector 0x260000
store_user_fpga[9837]: <DEBUG> erase flash sector 0x270000
store_user_fpga[9837]: <DEBUG> erase flash sector 0x280000
store_user_fpga[9837]: <DEBUG> erase flash sector 0x290000
store_user_fpga[9837]: <DEBUG> erase flash sector 0x2a0000
store_user_fpga[9837]: <DEBUG> erase flash sector 0x2b0000
store_user_fpga[9837]: <DEBUG> erase flash sector 0x2c0000
store_user_fpga[9837]: <DEBUG> erase flash sector 0x2d0000
store_user_fpga[9837]: <DEBUG> erase flash sector 0x2e0000
store_user_fpga[9837]: <DEBUG> erase flash sector 0x2f0000
store_user_fpga[9837]: <DEBUG> erase flash sector 0x300000
store_user_fpga[9837]: <DEBUG> erase flash sector 0x310000
store_user_fpga[9837]: <DEBUG> erase flash sector 0x320000
store_user_fpga[9837]: <DEBUG> erase flash sector 0x330000
store_user_fpga[9837]: <DEBUG> erase flash sector 0x340000
store_user_fpga[9837]: <DEBUG> erase flash sector 0x350000
store_user_fpga[9837]: <DEBUG> erase flash sector 0x360000
store_user_fpga[9837]: <DEBUG> write flash sector 0x200000
store_user_fpga[9837]: <DEBUG> write flash sector 0x210000
store_user_fpga[9837]: <DEBUG> write flash sector 0x220000
store_user_fpga[9837]: <DEBUG> write flash sector 0x230000
store_user_fpga[9837]: <DEBUG> write flash sector 0x240000
store_user_fpga[9837]: <DEBUG> write flash sector 0x250000
store_user_fpga[9837]: <DEBUG> write flash sector 0x260000
store_user_fpga[9837]: <DEBUG> write flash sector 0x270000
store_user_fpga[9837]: <DEBUG> write flash sector 0x280000
store_user_fpga[9837]: <DEBUG> write flash sector 0x290000
store_user_fpga[9837]: <DEBUG> write flash sector 0x2a0000
store_user_fpga[9837]: <DEBUG> write flash sector 0x2b0000
store_user_fpga[9837]: <DEBUG> write flash sector 0x2c0000
store_user_fpga[9837]: <DEBUG> write flash sector 0x2d0000
store_user_fpga[9837]: <DEBUG> write flash sector 0x2e0000
store_user_fpga[9837]: <DEBUG> write flash sector 0x2f0000
store_user_fpga[9837]: <DEBUG> write flash sector 0x300000
store_user_fpga[9837]: <DEBUG> write flash sector 0x310000
store_user_fpga[9837]: <DEBUG> write flash sector 0x320000
store_user_fpga[9837]: <DEBUG> write flash sector 0x330000
store_user_fpga[9837]: <DEBUG> write flash sector 0x340000
store_user_fpga[9837]: <DEBUG> write flash sector 0x350000
store_user_fpga[9837]: <DEBUG> write flash sector 0x360000
store_user_fpga[9837]: <INFO> Sidekiq card 0 FPGA v0.0, (date 0, FIFO size unknown)
store_user_fpga[9837]: <INFO> unlocking card 0
Info: skiq_save_fpga_config_to_flash returned 0
Info: reloading FPGA from flash
Bitstream loaded successfully, proceeding to restore PCI config (from /tmp/ocpibitstream9763.1).
OpenCPI FPGA at PCI 0000:03:00.0: bitstream date Sun Apr 14 14:26:29 2019, platform "mpcie", part "xc6slx45t", UUID d25d37a8-5ee2-11e9-b637-5366cd549c47
New bitstream is responding. The loading process was successful.
Application established: containers, workers, connections all created
Communication with the application established
Dump of all initial property values:
Property  0: pattern_v2.dataRepeat = "true" (cached)
Property  1: pattern_v2.numMessagesMax = "5" (parameter)
Property  2: pattern_v2.messagesToSend = "5"
Property  3: pattern_v2.messagesSent = "0"
Property  4: pattern_v2.dataSent = "0"
Property  5: pattern_v2.numDataWords = "15" (parameter)
Property  6: pattern_v2.numMessageFields = "2" (parameter)
Property  7: pattern_v2.messages = "{4,251},{8,252},{12,253},{16,254},{20,255}" (cached)
Property  8: pattern_v2.data = "0,1,2,3,4,5,6,7,8,9,10,11,12,13,14" (cached)
Property  9: pattern_v2.ocpi_debug = "false" (parameter)
Property 10: pattern_v2.ocpi_endian = "little" (parameter)
Property 18: bias.biasValue = "16909060" (cached)
Property 19: bias.ocpi_debug = "false" (parameter)
Property 20: bias.ocpi_endian = "little" (parameter)
Property 30: capture_v2.stopOnFull = "true" (cached)
Property 31: capture_v2.metadataCount = "0"
Property 32: capture_v2.dataCount = "0"
Property 33: capture_v2.numRecords = "256" (parameter)
Property 34: capture_v2.numDataWords = "1024" (parameter)
Property 35: capture_v2.numMetadataWords = "4" (parameter)
Property 36: capture_v2.metaFull = "false"
Property 37: capture_v2.dataFull = "false"
Property 38: capture_v2.stopZLMOpcode = "0" (cached)
Property 39: capture_v2.stopOnZLM = "false" (cached)
Property 40: capture_v2.stopOnEOF = "true" (cached)
Property 41: capture_v2.metadata = "{0}"
Property 42: capture_v2.data = "0"
Property 43: capture_v2.ocpi_debug = "false" (parameter)
Property 44: capture_v2.ocpi_endian = "little" (parameter)
Application started/running
Waiting for application to finish (no time limit)
Application finished
Dump of all final property values:
Property  2: pattern_v2.messagesToSend = "0"
Property  3: pattern_v2.messagesSent = "6"
Property  4: pattern_v2.dataSent = "15"
Property 31: capture_v2.metadataCount = "6"
Property 32: capture_v2.dataCount = "15"
Property 41: capture_v2.metadata = "{4211081220,1630539640,1630539640,1},{4227858440,1630539769,1630539726,1},{4244635660,1630539941,1630539855,1},{4261412880,1630540155,1630540027,1},{4278190100,1630540413,1630540241,1},{0,1630540499,1630540499,1},{0}"
Property 42: capture_v2.data = "16909060,16909060,16909061,16909060,16909061,16909062,16909060,16909061,16909062,16909063,16909060,16909061,16909062,16909063,16909064,0"
